  Durack.cpp
D:\Портфолио\Курсовая по Алгоритмизации и Программированию\Графическое приложение 2\CardsVisual\CardsVisual\Durack.h(733,6): warning C4996: 'strcpy': This function or variable may be unsafe. Consider using strcpy_s instead. To disable deprecation, use _CRT_SECURE_NO_WARNINGS. See online help for details.
  (компиляция исходного файла "Durack.cpp")
  
D:\Портфолио\Курсовая по Алгоритмизации и Программированию\Графическое приложение 2\CardsVisual\CardsVisual\Durack.h(742,6): warning C4996: 'strcpy': This function or variable may be unsafe. Consider using strcpy_s instead. To disable deprecation, use _CRT_SECURE_NO_WARNINGS. See online help for details.
  (компиляция исходного файла "Durack.cpp")
  
D:\Портфолио\Курсовая по Алгоритмизации и Программированию\Графическое приложение 2\CardsVisual\CardsVisual\Durack.h(754,7): warning C4996: 'strcpy': This function or variable may be unsafe. Consider using strcpy_s instead. To disable deprecation, use _CRT_SECURE_NO_WARNINGS. See online help for details.
  (компиляция исходного файла "Durack.cpp")
  
D:\Портфолио\Курсовая по Алгоритмизации и Программированию\Графическое приложение 2\CardsVisual\CardsVisual\Durack.h(763,7): warning C4996: 'strcpy': This function or variable may be unsafe. Consider using strcpy_s instead. To disable deprecation, use _CRT_SECURE_NO_WARNINGS. See online help for details.
  (компиляция исходного файла "Durack.cpp")
  
D:\Портфолио\Курсовая по Алгоритмизации и Программированию\Графическое приложение 2\CardsVisual\CardsVisual\Durack.h(771,6): warning C4996: 'strcpy': This function or variable may be unsafe. Consider using strcpy_s instead. To disable deprecation, use _CRT_SECURE_NO_WARNINGS. See online help for details.
  (компиляция исходного файла "Durack.cpp")
  
D:\Портфолио\Курсовая по Алгоритмизации и Программированию\Графическое приложение 2\CardsVisual\CardsVisual\Durack.h(806,5): warning C4996: 'strcpy': This function or variable may be unsafe. Consider using strcpy_s instead. To disable deprecation, use _CRT_SECURE_NO_WARNINGS. See online help for details.
  (компиляция исходного файла "Durack.cpp")
  
D:\Портфолио\Курсовая по Алгоритмизации и Программированию\Графическое приложение 2\CardsVisual\CardsVisual\Durack.h(816,13): warning C4244: аргумент: преобразование "time_t" в "unsigned int", возможна потеря данных
  (компиляция исходного файла "Durack.cpp")
  
D:\Портфолио\Курсовая по Алгоритмизации и Программированию\Графическое приложение 2\CardsVisual\CardsVisual\Durack.h(827,3): warning C4996: 'strcpy': This function or variable may be unsafe. Consider using strcpy_s instead. To disable deprecation, use _CRT_SECURE_NO_WARNINGS. See online help for details.
  (компиляция исходного файла "Durack.cpp")
  
D:\Портфолио\Курсовая по Алгоритмизации и Программированию\Графическое приложение 2\CardsVisual\CardsVisual\Durack.h(839,3): warning C4996: 'strcpy': This function or variable may be unsafe. Consider using strcpy_s instead. To disable deprecation, use _CRT_SECURE_NO_WARNINGS. See online help for details.
  (компиляция исходного файла "Durack.cpp")
  
D:\Портфолио\Курсовая по Алгоритмизации и Программированию\Графическое приложение 2\CardsVisual\CardsVisual\Durack.h(870,12): warning C4244: аргумент: преобразование "time_t" в "unsigned int", возможна потеря данных
  (компиляция исходного файла "Durack.cpp")
  
D:\Портфолио\Курсовая по Алгоритмизации и Программированию\Графическое приложение 2\CardsVisual\CardsVisual\Durack.h(873,2): warning C4996: 'strcpy': This function or variable may be unsafe. Consider using strcpy_s instead. To disable deprecation, use _CRT_SECURE_NO_WARNINGS. See online help for details.
  (компиляция исходного файла "Durack.cpp")
  
D:\Портфолио\Курсовая по Алгоритмизации и Программированию\Графическое приложение 2\CardsVisual\CardsVisual\Durack.h(878,3): warning C4996: 'strcpy': This function or variable may be unsafe. Consider using strcpy_s instead. To disable deprecation, use _CRT_SECURE_NO_WARNINGS. See online help for details.
  (компиляция исходного файла "Durack.cpp")
  
D:\Портфолио\Курсовая по Алгоритмизации и Программированию\Графическое приложение 2\CardsVisual\CardsVisual\Durack.h(882,2): warning C4996: 'strcpy': This function or variable may be unsafe. Consider using strcpy_s instead. To disable deprecation, use _CRT_SECURE_NO_WARNINGS. See online help for details.
  (компиляция исходного файла "Durack.cpp")
  
D:\Портфолио\Курсовая по Алгоритмизации и Программированию\Графическое приложение 2\CardsVisual\CardsVisual\Durack.h(887,2): warning C4996: 'strcpy': This function or variable may be unsafe. Consider using strcpy_s instead. To disable deprecation, use _CRT_SECURE_NO_WARNINGS. See online help for details.
  (компиляция исходного файла "Durack.cpp")
  
D:\Портфолио\Курсовая по Алгоритмизации и Программированию\Графическое приложение 2\CardsVisual\CardsVisual\Durack.h(890,2): warning C4996: 'strcpy': This function or variable may be unsafe. Consider using strcpy_s instead. To disable deprecation, use _CRT_SECURE_NO_WARNINGS. See online help for details.
  (компиляция исходного файла "Durack.cpp")
  
D:\Портфолио\Курсовая по Алгоритмизации и Программированию\Графическое приложение 2\CardsVisual\CardsVisual\Durack.h(928,12): warning C4244: аргумент: преобразование "time_t" в "unsigned int", возможна потеря данных
  (компиляция исходного файла "Durack.cpp")
  
D:\Портфолио\Курсовая по Алгоритмизации и Программированию\Графическое приложение 2\CardsVisual\CardsVisual\Durack.h(945,4): warning C4996: 'strcpy': This function or variable may be unsafe. Consider using strcpy_s instead. To disable deprecation, use _CRT_SECURE_NO_WARNINGS. See online help for details.
  (компиляция исходного файла "Durack.cpp")
  
D:\Портфолио\Курсовая по Алгоритмизации и Программированию\Графическое приложение 2\CardsVisual\CardsVisual\Durack.h(1013,12): warning C4244: аргумент: преобразование "time_t" в "unsigned int", возможна потеря данных
  (компиляция исходного файла "Durack.cpp")
  
D:\Портфолио\Курсовая по Алгоритмизации и Программированию\Графическое приложение 2\CardsVisual\CardsVisual\Durack.h(1016,2): warning C4996: 'strcpy': This function or variable may be unsafe. Consider using strcpy_s instead. To disable deprecation, use _CRT_SECURE_NO_WARNINGS. See online help for details.
  (компиляция исходного файла "Durack.cpp")
  
D:\Портфолио\Курсовая по Алгоритмизации и Программированию\Графическое приложение 2\CardsVisual\CardsVisual\Durack.h(1021,3): warning C4996: 'strcpy': This function or variable may be unsafe. Consider using strcpy_s instead. To disable deprecation, use _CRT_SECURE_NO_WARNINGS. See online help for details.
  (компиляция исходного файла "Durack.cpp")
  
D:\Портфолио\Курсовая по Алгоритмизации и Программированию\Графическое приложение 2\CardsVisual\CardsVisual\Durack.h(1025,2): warning C4996: 'strcpy': This function or variable may be unsafe. Consider using strcpy_s instead. To disable deprecation, use _CRT_SECURE_NO_WARNINGS. See online help for details.
  (компиляция исходного файла "Durack.cpp")
  
D:\Портфолио\Курсовая по Алгоритмизации и Программированию\Графическое приложение 2\CardsVisual\CardsVisual\Durack.h(1028,2): warning C4996: 'strcpy': This function or variable may be unsafe. Consider using strcpy_s instead. To disable deprecation, use _CRT_SECURE_NO_WARNINGS. See online help for details.
  (компиляция исходного файла "Durack.cpp")
  
D:\Портфолио\Курсовая по Алгоритмизации и Программированию\Графическое приложение 2\CardsVisual\CardsVisual\Durack.cpp(5,6): warning C4829: Возможно, неправильные параметры функции main. Рекомендуемый вариант - "int main(Platform::Array<Platform::String^>^ argv)"
  Igrock.cpp
  .NETFramework,Version=v4.7.2.AssemblyAttributes.cpp
  Создание кода...
  Durack.obj : обнаружен модуль MSIL; для MSIL последовательная компоновка отключена; выполняется полная компоновка
  CardsVisual.vcxproj -> D:\Портфолио\Курсовая по Алгоритмизации и Программированию\Графическое приложение 2\CardsVisual\x64\Debug\CardsVisual.exe
